<?xml version="1.0" encoding="UTF-8"?>
<!-- Generated by org.testng.reporters.JUnitXMLReporter -->
<testsuite ignored="0" hostname="DESKTOP-M6EOJ91" failures="0" tests="6" name="Command line test" time="0.04" errors="0" timestamp="06 Oct 2018 21:30:24 GMT">
  <testcase classname="com.qa.testng.TestMaven" name="display" time="0.008"/>
  <testcase classname="com.qa.testng.TestMaven" name="display1" time="0.0"/>
  <testcase classname="com.qa.testng.TestMaven2" name="display" time="0.001"/>
  <testcase classname="com.qa.testng.TestMaven2" name="display1" time="0.0"/>
  <testcase classname="com.qa.testng.TestMaven3" name="display" time="0.0"/>
  <testcase classname="com.qa.testng.TestMaven3" name="display1" time="0.001"/>
</testsuite> <!-- Command line test -->
